<?xml version="1.0" encoding="UTF-8"?>
<coverage generated="1589298489347" clover="3.2.0">
  <project timestamp="1589298489348" name="All files">
    <metrics statements="1" coveredstatements="1" conditionals="0" coveredconditionals="0" methods="1" coveredmethods="1" elements="2" coveredelements="2" complexity="0" loc="1" ncloc="1" packages="1" files="1" classes="1"/>
    <file name="calculator.js" path="/Volumes/Projects/tecnocampus/ES3/classroom--tdd-calculator/src/calculator.js">
      <metrics statements="1" coveredstatements="1" conditionals="0" coveredconditionals="0" methods="1" coveredmethods="1"/>
      <line num="3" count="1" type="stmt"/>
    </file>
  </project>
</coverage>
