{"/Volumes/Projects/tecnocampus/ES3/classroom--tdd-calculator/src/calculator.js": {"path":"/Volumes/Projects/tecnocampus/ES3/classroom--tdd-calculator/src/calculator.js","statementMap":{"0":{"start":{"line":3,"column":4},"end":{"line":3,"column":12}}},"fnMap":{"0":{"name":"(anonymous_0)","decl":{"start":{"line":2,"column":2},"end":{"line":2,"column":3}},"loc":{"start":{"line":2,"column":15},"end":{"line":4,"column":3}},"line":2}},"branchMap":{},"s":{"0":1},"f":{"0":1},"b":{},"_coverageSchema":"1a1c01bbd47fc00a2c39e90264f33305004495a9","hash":"2c8e0110727dee1fe74a8ec4ec46989dabf67082"}
}
